빌드 시작: 2014-06-23 오후 11:37:24
     1>2 노드의 "F:\GitHub\Shade\Shade.vcxproj" 프로젝트(Build 대상)입니다.
     1>ClCompile:
         D:\Program Files\Microsoft Visual Studio 12.0\VC\bin\CL.exe /c /ZI /nologo /W3 /WX- /sdl /Od /Oy- /D WIN32 /D _DEBUG /D _WINDOWS /D _MBCS /Gm /EHsc /RTC1 /MDd /GS /fp:precise /Zc:wchar_t /Zc:forScope /Fo"Debug\\" /Fd"Debug\vc120.pdb" /Gd /TP /analyze- /errorReport:prompt Source\GameObject\Actor.cpp Source\GameObject\IGameObject.cpp
         IGameObject.cpp
         Actor.cpp
         코드를 생성하고 있습니다...
       Link:
         D:\Program Files\Microsoft Visual Studio 12.0\VC\bin\link.exe /ERRORREPORT:PROMPT /OUT:"F:\GitHub\Shade\Debug\ShadeEngine.exe" /INCREMENTAL /NOLOGO kernel32.lib user32.lib gdi32.lib winspool.lib comdlg32.lib advapi32.lib shell32.lib ole32.lib oleaut32.lib uuid.lib odbc32.lib odbccp32.lib /MANIFEST /MANIFESTUAC:"level='asInvoker' uiAccess='false'" /manifest:embed /DEBUG /PDB:"F:\GitHub\Shade\Debug\ShadeEngine.pdb" /SUBSYSTEM:WINDOWS /TLBID:1 /DYNAMICBASE /NXCOMPAT /IMPLIB:"F:\GitHub\Shade\Debug\ShadeEngine.lib" /MACHINE:X86 Debug\Render.obj
         Debug\Transform.obj
         Debug\Actor.obj
         Debug\Camera.obj
         Debug\IGameObject.obj
         Debug\General.obj
         Debug\RenderDevice.obj
         Debug\window.obj
         Shade.vcxproj -> F:\GitHub\Shade\Debug\ShadeEngine.exe
     1>"F:\GitHub\Shade\Shade.vcxproj" 프로젝트를 빌드했습니다(Build 대상).

빌드했습니다.

경과 시간: 00:00:01.82
