f:\github\shade\debug\vc120.pdb
f:\github\shade\debug\meshcommon.obj
f:\github\shade\debug\boxmesh.obj
f:\github\shade\debug\instancedbasic.obj
f:\github\shade\debug\effectcommon.obj
f:\github\shade\debug\basiceffect.obj
f:\github\shade\debug\renderdevice.obj
f:\github\shade\debug\meshpool.obj
f:\github\shade\debug\general.obj
f:\github\shade\debug\gametimer.obj
f:\github\shade\debug\prop.obj
f:\github\shade\debug\camera.obj
f:\github\shade\debug\actor.obj
f:\github\shade\debug\fbxparser.obj
f:\github\shade\debug\transform.obj
f:\github\shade\debug\irenderable.obj
f:\github\shade\debug\render.obj
f:\github\shade\debug\lightpoint.obj
f:\github\shade\debug\icomponent.obj
f:\github\shade\debug\cameraprop.obj
f:\github\shade\debug\constructhelper.obj
f:\github\shade\debug\window.obj
f:\github\shade\debug\staticmesh.obj
f:\github\shade\debug\spheremesh.obj
f:\github\shade\debug\shadeengine.res
f:\github\shade\debug\basiceffect.cso
f:\github\shade\debug\shadeengine.pdb
f:\github\shade\debug\shadeengine.tlog\cl.command.1.tlog
f:\github\shade\debug\shadeengine.tlog\cl.read.1.tlog
f:\github\shade\debug\shadeengine.tlog\cl.write.1.tlog
f:\github\shade\debug\shadeengine.tlog\link.5856.read.1.tlog
f:\github\shade\debug\shadeengine.tlog\link.5856.write.1.tlog
f:\github\shade\debug\shadeengine.tlog\link.command.1.tlog
f:\github\shade\debug\shadeengine.tlog\link.read.1.tlog
f:\github\shade\debug\shadeengine.tlog\link.write.1.tlog
f:\github\shade\debug\shadeengine.tlog\rc.command.1.tlog
f:\github\shade\debug\shadeengine.tlog\rc.read.1.tlog
f:\github\shade\debug\shadeengine.tlog\rc.write.1.tlog
f:\github\shade\debug\shadeengine.tlog\shadeengine.write.1u.tlog
