빌드 시작: 2014-06-25 오후 11:16:27
     1>2 노드의 "F:\GitHub\Shade\Shade.vcxproj" 프로젝트(Build 대상)입니다.
     1>ClCompile:
         D:\Program Files\Microsoft Visual Studio 12.0\VC\bin\CL.exe /c /Zi /nologo /W3 /WX- /sdl /O2 /Oi /Oy- /GL /D WIN32 /D NDEBUG /D _WINDOWS /D _MBCS /Gm- /EHsc /MD /GS /Gy /fp:precise /Zc:wchar_t /Zc:forScope /Fo"Release\\" /Fd"Release\vc120.pdb" /Gd /TP /analyze- /errorReport:prompt Source\Management\RenderDevice.cpp
         RenderDevice.cpp
       Link:
         D:\Program Files\Microsoft Visual Studio 12.0\VC\bin\link.exe /ERRORREPORT:PROMPT /OUT:"Release\ShadeEngine.exe" /INCREMENTAL:NO /NOLOGO kernel32.lib user32.lib gdi32.lib winspool.lib comdlg32.lib advapi32.lib shell32.lib ole32.lib oleaut32.lib uuid.lib odbc32.lib odbccp32.lib /MANIFEST /MANIFESTUAC:"level='asInvoker' uiAccess='false'" /manifest:embed /DEBUG /PDB:"Release\ShadeEngine.pdb" /SUBSYSTEM:WINDOWS /OPT:REF /OPT:ICF /LTCG /TLBID:1 /DYNAMICBASE /NXCOMPAT /IMPLIB:"Release\ShadeEngine.lib" /MACHINE:X86 /SAFESEH Release\CameraProp.obj
         Release\IComponent.obj
         Release\LightPoint.obj
         Release\Render.obj
         Release\IRenderable.obj
         Release\Transform.obj
         Release\ConstructHelper.obj
         Release\Actor.obj
         Release\Camera.obj
         Release\Prop.obj
         Release\General.obj
         Release\RenderDevice.obj
         Release\window.obj
         코드를 생성하고 있습니다.
         코드를 생성했습니다.
         Shade.vcxproj -> F:\GitHub\Shade\Release\ShadeEngine.exe
     1>"F:\GitHub\Shade\Shade.vcxproj" 프로젝트를 빌드했습니다(Build 대상).

빌드했습니다.

경과 시간: 00:00:02.37
